<?xml version="1.0" encoding="UTF-8"?>
<!-- Generated by org.testng.reporters.JUnitXMLReporter -->
<testsuite ignored="0" hostname="Nagaraju" failures="1" tests="6" name="test" time="29.439" errors="0" timestamp="2025-04-06T11:42:29 IST">
  <testcase classname="testCases.Tc01_Accountregistrationtest" name="verify_account_regestration" time="2.059"/>
  <testcase classname="testCases.TC02_LoginToMyAccount" name="verify_login_account" time="1.401"/>
  <testcase classname="testCases.TC03_LoginDataDrivenTest" name="verify_LoginDDT" time="1.845">
    <failure type="java.lang.AssertionError" message="expected [true] but found [false]">
      <![CDATA[java.lang.AssertionError: expected [true] but found [false]
at testCases.TC03_LoginDataDrivenTest.verify_LoginDDT(TC03_LoginDataDrivenTest.java:71)
at java.base/java.util.ArrayList.forEach(ArrayList.java:1597)
at java.base/java.util.concurrent.FutureTask.run(FutureTask.java:317)
at java.base/java.util.concurrent.ThreadPoolExecutor.runWorker(ThreadPoolExecutor.java:1144)
at java.base/java.util.concurrent.ThreadPoolExecutor$Worker.run(ThreadPoolExecutor.java:642)
at java.base/java.lang.Thread.run(Thread.java:1575)
... Removed 19 stack frames]]>
    </failure>
  </testcase> <!-- verify_LoginDDT -->
  <testcase classname="testCases.TC03_LoginDataDrivenTest" name="verify_LoginDDT" time="1.607"/>
  <testcase classname="testCases.TC03_LoginDataDrivenTest" name="verify_LoginDDT" time="5.534"/>
  <testcase classname="testCases.TC03_LoginDataDrivenTest" name="verify_LoginDDT" time="6.618"/>
</testsuite> <!-- test -->
